<!DOCTYPE html>
<html>
<head>
<meta http-equiv="Content-Type" content="text/html; charset=utf-8"/>
<meta http-equiv="x-ua-compatible" content="IE=edge"/>
<title>Test results - EntityAwareWorldProviderTest</title>
<link href="../css/base-style.css" rel="stylesheet" type="text/css"/>
<link href="../css/style.css" rel="stylesheet" type="text/css"/>
<script src="../js/report.js" type="text/javascript"></script>
</head>
<body>
<div id="content">
<h1>EntityAwareWorldProviderTest</h1>
<div class="breadcrumbs">
<a href="../index.html">all</a> &gt; 
<a href="../packages/org.terasology.world.html">org.terasology.world</a> &gt; EntityAwareWorldProviderTest</div>
<div id="summary">
<table>
<tr>
<td>
<div class="summaryGroup">
<table>
<tr>
<td>
<div class="infoBox" id="tests">
<div class="counter">25</div>
<p>tests</p>
</div>
</td>
<td>
<div class="infoBox" id="failures">
<div class="counter">0</div>
<p>failures</p>
</div>
</td>
<td>
<div class="infoBox" id="ignored">
<div class="counter">7</div>
<p>ignored</p>
</div>
</td>
<td>
<div class="infoBox" id="duration">
<div class="counter">3.114s</div>
<p>duration</p>
</div>
</td>
</tr>
</table>
</div>
</td>
<td>
<div class="infoBox skipped" id="successRate">
<div class="percent">100%</div>
<p>successful</p>
</div>
</td>
</tr>
</table>
</div>
<div id="tabs">
<ul class="tabLinks">
<li>
<a href="#tab0">Tests</a>
</li>
<li>
<a href="#tab1">Standard output</a>
</li>
<li>
<a href="#tab2">Standard error</a>
</li>
</ul>
<div id="tab0" class="tab">
<h2>Tests</h2>
<table>
<thead>
<tr>
<th>Test</th>
<th>Duration</th>
<th>Result</th>
</tr>
</thead>
<tr>
<td class="success">testActiveBlockNotCleanedUp()</td>
<td class="success">0.191s</td>
<td class="success">passed</td>
</tr>
<tr>
<td class="success">testAllComponentsNotMarkedAsRetainedRemovedOnBlockChange()</td>
<td class="success">0.179s</td>
<td class="success">passed</td>
</tr>
<tr>
<td class="skipped">testBlockEntityPrefabCorrectlyAddedOnChangeToBlockWithPrefab()</td>
<td class="skipped">-</td>
<td class="skipped">ignored</td>
</tr>
<tr>
<td class="skipped">testBlockEntityPrefabCorrectlyAlteredOnChangeToDifferentPrefab()</td>
<td class="skipped">-</td>
<td class="skipped">ignored</td>
</tr>
<tr>
<td class="skipped">testBlockEntityPrefabCorrectlyRemovedOnChangeToBlockWithNoPrefab()</td>
<td class="skipped">-</td>
<td class="skipped">ignored</td>
</tr>
<tr>
<td class="success">testChangedComponentsRevertedBeforeCleanUp()</td>
<td class="success">0.243s</td>
<td class="success">passed</td>
</tr>
<tr>
<td class="success">testComponentUntouchedIfRetainRequested()</td>
<td class="success">0.164s</td>
<td class="success">passed</td>
</tr>
<tr>
<td class="skipped">testComponentsAddedAndActivatedWhenBlockChanged()</td>
<td class="skipped">-</td>
<td class="skipped">ignored</td>
</tr>
<tr>
<td class="success">testComponentsAlteredIfBlockInSameFamilyWhenForced()</td>
<td class="success">0.196s</td>
<td class="success">passed</td>
</tr>
<tr>
<td class="skipped">testComponentsDeactivatedAndRemovedWhenBlockChanged()</td>
<td class="skipped">-</td>
<td class="skipped">ignored</td>
</tr>
<tr>
<td class="success">testComponentsNotAlteredIfBlockInSameFamily()</td>
<td class="success">0.144s</td>
<td class="success">passed</td>
</tr>
<tr>
<td class="skipped">testComponentsUpdatedWhenBlockChanged()</td>
<td class="skipped">-</td>
<td class="skipped">ignored</td>
</tr>
<tr>
<td class="success">testEntityBecomesTemporaryIfForceBlockActiveComponentRemoved()</td>
<td class="success">0.139s</td>
<td class="success">passed</td>
</tr>
<tr>
<td class="success">testEntityBecomesTemporaryWhenChangedFromAKeepActiveBlock()</td>
<td class="success">0.186s</td>
<td class="success">passed</td>
</tr>
<tr>
<td class="skipped">testEntityCeasesToBeTemporaryIfBlockChangedToKeepActive()</td>
<td class="skipped">-</td>
<td class="skipped">ignored</td>
</tr>
<tr>
<td class="success">testEntityExtraComponentsRemovedBeforeCleanUp()</td>
<td class="success">0.175s</td>
<td class="success">passed</td>
</tr>
<tr>
<td class="success">testEntityExtraComponentsRemovedBeforeCleanUpForBlocksWithPrefabs()</td>
<td class="success">0.219s</td>
<td class="success">passed</td>
</tr>
<tr>
<td class="success">testEntityMissingComponentsAddedBeforeCleanUp()</td>
<td class="success">0.185s</td>
<td class="success">passed</td>
</tr>
<tr>
<td class="success">testEntityNotRemovedIfForceBlockActiveComponentAdded()</td>
<td class="success">0.138s</td>
<td class="success">passed</td>
</tr>
<tr>
<td class="success">testGetTemporaryBlockSendsNoEvent()</td>
<td class="success">0.153s</td>
<td class="success">passed</td>
</tr>
<tr>
<td class="success">testMetworkComponentAddedWhenChangedToNonTemporary()</td>
<td class="success">0.173s</td>
<td class="success">passed</td>
</tr>
<tr>
<td class="success">testNetworkComponentRemovedWhenTemporaryCleanedUp()</td>
<td class="success">0.181s</td>
<td class="success">passed</td>
</tr>
<tr>
<td class="success">testPrefabUpdatedWhenBlockChanged()</td>
<td class="success">0.180s</td>
<td class="success">passed</td>
</tr>
<tr>
<td class="success">testRetainedComponentsNotAltered()</td>
<td class="success">0.141s</td>
<td class="success">passed</td>
</tr>
<tr>
<td class="success">testTemporaryCleanedUpWithNoEvent()</td>
<td class="success">0.127s</td>
<td class="success">passed</td>
</tr>
</table>
</div>
<div id="tab1" class="tab">
<h2>Standard output</h2>
<span class="code">
<pre>19:59:16.109 [Test worker] INFO  o.t.module.ModulePathScanner - Discovered module: BiomesAPI-1.0.0-SNAPSHOT
19:59:16.112 [Test worker] INFO  o.t.module.ModulePathScanner - Discovered module: BuilderSampleGameplay-2.2.1-SNAPSHOT
19:59:16.115 [Test worker] INFO  o.t.module.ModulePathScanner - Discovered module: Core-2.2.1-SNAPSHOT
19:59:16.118 [Test worker] INFO  o.t.module.ModulePathScanner - Discovered module: CoreSampleGameplay-2.2.1-SNAPSHOT
19:59:16.118 [Test worker] INFO  o.t.module.ModulePathScanner - Discovered module: CoreAssets-1.0.1-SNAPSHOT
19:59:16.122 [Test worker] INFO  o.t.module.ModulePathScanner - Discovered module: CoreBlocks-1.0.1-SNAPSHOT
19:59:16.123 [Test worker] INFO  o.t.module.ModulePathScanner - Discovered module: Health-0.1.0-SNAPSHOT
19:59:16.124 [Test worker] INFO  o.t.module.ModulePathScanner - Discovered module: Inventory-1.0.0-SNAPSHOT
19:59:16.127 [Test worker] INFO  o.t.module.ModulePathScanner - Discovered module: ModuleTestingEnvironment-0.1.0-SNAPSHOT
19:59:18.154 [Test worker] INFO  o.t.w.c.b.ExtraBlockDataManager - Extra data slots registered:
19:59:18.522 [Test worker] INFO  o.t.w.b.internal.BlockManagerImpl - Registered BlockFamily[symmetric,engine:air]
19:59:18.522 [Test worker] INFO  o.t.w.b.internal.BlockManagerImpl - Registered Block engine:air with id 1
19:59:18.526 [Test worker] WARN  o.t.engine.ComponentSystemManager - System org.terasology.world.time.WorldTimeImpl registered post-init.
19:59:18.527 [Test worker] INFO  o.t.w.b.internal.BlockManagerImpl - Registered BlockFamily[symmetric,test:plainblock]
19:59:18.527 [Test worker] INFO  o.t.w.b.internal.BlockManagerImpl - Registered Block test:plainblock with id 2
19:59:18.527 [Test worker] INFO  o.t.w.b.internal.BlockManagerImpl - Registered BlockFamily[symmetric,test:blockWithString]
19:59:18.527 [Test worker] INFO  o.t.w.b.internal.BlockManagerImpl - Registered Block test:blockWithString with id 3
19:59:18.527 [Test worker] INFO  o.t.w.b.internal.BlockManagerImpl - Registered BlockFamily[symmetric,test:keepActiveBlock]
19:59:18.527 [Test worker] INFO  o.t.w.b.internal.BlockManagerImpl - Registered Block test:keepActiveBlock with id 4
19:59:18.527 [Test worker] INFO  o.t.w.b.internal.BlockManagerImpl - Registered BlockFamily[symmetric,test:prefabWithDifferentString]
19:59:18.527 [Test worker] INFO  o.t.w.b.internal.BlockManagerImpl - Registered Block test:prefabWithDifferentString with id 5
19:59:18.533 [Test worker] INFO  o.t.w.b.internal.BlockManagerImpl - Registered BlockFamily[horizontal,test:blockFamily]
19:59:18.533 [Test worker] INFO  o.t.w.b.internal.BlockManagerImpl - Registered Block test:blockFamily.LEFT with id 6
19:59:18.534 [Test worker] INFO  o.t.w.b.internal.BlockManagerImpl - Registered Block test:blockFamily.RIGHT with id 7
19:59:18.534 [Test worker] INFO  o.t.w.b.internal.BlockManagerImpl - Registered Block test:blockFamily.FRONT with id 8
19:59:18.535 [Test worker] INFO  o.t.w.b.internal.BlockManagerImpl - Registered Block test:blockFamily.BACK with id 9
19:59:18.536 [Test worker] INFO  o.t.w.b.internal.BlockManagerImpl - Registered BlockFamily[symmetric,test:blockWithRetainedComponent]
19:59:18.536 [Test worker] INFO  o.t.w.b.internal.BlockManagerImpl - Registered Block test:blockWithRetainedComponent with id 10
19:59:18.716 [Test worker] WARN  o.t.engine.ComponentSystemManager - System org.terasology.world.time.WorldTimeImpl registered post-init.
19:59:18.907 [Test worker] WARN  o.t.engine.ComponentSystemManager - System org.terasology.world.time.WorldTimeImpl registered post-init.
19:59:19.083 [Test worker] WARN  o.t.engine.ComponentSystemManager - System org.terasology.world.time.WorldTimeImpl registered post-init.
19:59:19.255 [Test worker] WARN  o.t.engine.ComponentSystemManager - System org.terasology.world.time.WorldTimeImpl registered post-init.
19:59:19.432 [Test worker] WARN  o.t.engine.ComponentSystemManager - System org.terasology.world.time.WorldTimeImpl registered post-init.
19:59:19.612 [Test worker] WARN  o.t.engine.ComponentSystemManager - System org.terasology.world.time.WorldTimeImpl registered post-init.
19:59:19.800 [Test worker] WARN  o.t.engine.ComponentSystemManager - System org.terasology.world.time.WorldTimeImpl registered post-init.
19:59:19.985 [Test worker] WARN  o.t.engine.ComponentSystemManager - System org.terasology.world.time.WorldTimeImpl registered post-init.
19:59:20.236 [Test worker] WARN  o.t.engine.ComponentSystemManager - System org.terasology.world.time.WorldTimeImpl registered post-init.
19:59:20.375 [Test worker] WARN  o.t.engine.ComponentSystemManager - System org.terasology.world.time.WorldTimeImpl registered post-init.
19:59:20.519 [Test worker] WARN  o.t.engine.ComponentSystemManager - System org.terasology.world.time.WorldTimeImpl registered post-init.
19:59:20.673 [Test worker] WARN  o.t.engine.ComponentSystemManager - System org.terasology.world.time.WorldTimeImpl registered post-init.
19:59:20.834 [Test worker] WARN  o.t.engine.ComponentSystemManager - System org.terasology.world.time.WorldTimeImpl registered post-init.
19:59:21.036 [Test worker] WARN  o.t.engine.ComponentSystemManager - System org.terasology.world.time.WorldTimeImpl registered post-init.
19:59:21.181 [Test worker] WARN  o.t.engine.ComponentSystemManager - System org.terasology.world.time.WorldTimeImpl registered post-init.
19:59:21.305 [Test worker] WARN  o.t.engine.ComponentSystemManager - System org.terasology.world.time.WorldTimeImpl registered post-init.
19:59:21.441 [Test worker] WARN  o.t.engine.ComponentSystemManager - System org.terasology.world.time.WorldTimeImpl registered post-init.
</pre>
</span>
</div>
<div id="tab2" class="tab">
<h2>Standard error</h2>
<span class="code">
<pre>java.lang.instrument.IllegalClassFormatException: Error while instrumenting org/terasology/world/EntityAwareWorldProviderTest$BlockEventCheckerMethodAccess.
	at org.jacoco.agent.rt.internal_43f5073.CoverageTransformer.transform(CoverageTransformer.java:94)
	at sun.instrument.TransformerManager.transform(TransformerManager.java:188)
	at sun.instrument.InstrumentationImpl.transform(InstrumentationImpl.java:428)
	at java.lang.ClassLoader.defineClass1(Native Method)
	at java.lang.ClassLoader.defineClass(ClassLoader.java:763)
	at sun.reflect.GeneratedMethodAccessor26.invoke(Unknown Source)
	at sun.reflect.DelegatingMethodAccessorImpl.invoke(DelegatingMethodAccessorImpl.java:43)
	at java.lang.reflect.Method.invoke(Method.java:498)
	at com.esotericsoftware.reflectasm.AccessClassLoader.defineClass(AccessClassLoader.java:98)
	at com.esotericsoftware.reflectasm.MethodAccess.get(MethodAccess.java:272)
	at org.terasology.entitySystem.event.internal.EventSystemImpl$ByteCodeEventHandlerInfo.&lt;init&gt;(EventSystemImpl.java:501)
	at org.terasology.entitySystem.event.internal.EventSystemImpl.registerEventHandler(EventSystemImpl.java:178)
	at org.terasology.world.EntityAwareWorldProviderTest.testActiveBlockNotCleanedUp(EntityAwareWorldProviderTest.java:184)
	at sun.reflect.NativeMethodAccessorImpl.invoke0(Native Method)
	at sun.reflect.NativeMethodAccessorImpl.invoke(NativeMethodAccessorImpl.java:62)
	at sun.reflect.DelegatingMethodAccessorImpl.invoke(DelegatingMethodAccessorImpl.java:43)
	at java.lang.reflect.Method.invoke(Method.java:498)
	at org.junit.platform.commons.util.ReflectionUtils.invokeMethod(ReflectionUtils.java:675)
	at org.junit.jupiter.engine.execution.MethodInvocation.proceed(MethodInvocation.java:60)
	at org.junit.jupiter.engine.execution.InvocationInterceptorChain$ValidatingInvocation.proceed(InvocationInterceptorChain.java:125)
	at org.junit.jupiter.engine.extension.TimeoutExtension.intercept(TimeoutExtension.java:132)
	at org.junit.jupiter.engine.extension.TimeoutExtension.interceptTestableMethod(TimeoutExtension.java:124)
	at org.junit.jupiter.engine.extension.TimeoutExtension.interceptTestMethod(TimeoutExtension.java:74)
	at org.junit.jupiter.engine.execution.ExecutableInvoker$ReflectiveInterceptorCall.lambda$ofVoidMethod$0(ExecutableInvoker.java:115)
	at org.junit.jupiter.engine.execution.ExecutableInvoker.lambda$invoke$0(ExecutableInvoker.java:105)
	at org.junit.jupiter.engine.execution.InvocationInterceptorChain$InterceptedInvocation.proceed(InvocationInterceptorChain.java:104)
	at org.junit.jupiter.engine.execution.InvocationInterceptorChain.proceed(InvocationInterceptorChain.java:62)
	at org.junit.jupiter.engine.execution.InvocationInterceptorChain.chainAndInvoke(InvocationInterceptorChain.java:43)
	at org.junit.jupiter.engine.execution.InvocationInterceptorChain.invoke(InvocationInterceptorChain.java:35)
	at org.junit.jupiter.engine.execution.ExecutableInvoker.invoke(ExecutableInvoker.java:104)
	at org.junit.jupiter.engine.execution.ExecutableInvoker.invoke(ExecutableInvoker.java:98)
	at org.junit.jupiter.engine.descriptor.TestMethodTestDescriptor.lambda$invokeTestMethod$6(TestMethodTestDescriptor.java:202)
	at org.junit.platform.engine.support.hierarchical.ThrowableCollector.execute(ThrowableCollector.java:73)
	at org.junit.jupiter.engine.descriptor.TestMethodTestDescriptor.invokeTestMethod(TestMethodTestDescriptor.java:198)
	at org.junit.jupiter.engine.descriptor.TestMethodTestDescriptor.execute(TestMethodTestDescriptor.java:135)
	at org.junit.jupiter.engine.descriptor.TestMethodTestDescriptor.execute(TestMethodTestDescriptor.java:69)
	at org.junit.platform.engine.support.hierarchical.NodeTestTask.lambda$executeRecursively$5(NodeTestTask.java:135)
	at org.junit.platform.engine.support.hierarchical.ThrowableCollector.execute(ThrowableCollector.java:73)
	at org.junit.platform.engine.support.hierarchical.NodeTestTask.lambda$executeRecursively$7(NodeTestTask.java:125)
	at org.junit.platform.engine.support.hierarchical.Node.around(Node.java:135)
	at org.junit.platform.engine.support.hierarchical.NodeTestTask.lambda$executeRecursively$8(NodeTestTask.java:123)
	at org.junit.platform.engine.support.hierarchical.ThrowableCollector.execute(ThrowableCollector.java:73)
	at org.junit.platform.engine.support.hierarchical.NodeTestTask.executeRecursively(NodeTestTask.java:122)
	at org.junit.platform.engine.support.hierarchical.NodeTestTask.execute(NodeTestTask.java:80)
	at java.util.ArrayList.forEach(ArrayList.java:1257)
	at org.junit.platform.engine.support.hierarchical.SameThreadHierarchicalTestExecutorService.invokeAll(SameThreadHierarchicalTestExecutorService.java:38)
	at org.junit.platform.engine.support.hierarchical.NodeTestTask.lambda$executeRecursively$5(NodeTestTask.java:139)
	at org.junit.platform.engine.support.hierarchical.ThrowableCollector.execute(ThrowableCollector.java:73)
	at org.junit.platform.engine.support.hierarchical.NodeTestTask.lambda$executeRecursively$7(NodeTestTask.java:125)
	at org.junit.platform.engine.support.hierarchical.Node.around(Node.java:135)
	at org.junit.platform.engine.support.hierarchical.NodeTestTask.lambda$executeRecursively$8(NodeTestTask.java:123)
	at org.junit.platform.engine.support.hierarchical.ThrowableCollector.execute(ThrowableCollector.java:73)
	at org.junit.platform.engine.support.hierarchical.NodeTestTask.executeRecursively(NodeTestTask.java:122)
	at org.junit.platform.engine.support.hierarchical.NodeTestTask.execute(NodeTestTask.java:80)
	at java.util.ArrayList.forEach(ArrayList.java:1257)
	at org.junit.platform.engine.support.hierarchical.SameThreadHierarchicalTestExecutorService.invokeAll(SameThreadHierarchicalTestExecutorService.java:38)
	at org.junit.platform.engine.support.hierarchical.NodeTestTask.lambda$executeRecursively$5(NodeTestTask.java:139)
	at org.junit.platform.engine.support.hierarchical.ThrowableCollector.execute(ThrowableCollector.java:73)
	at org.junit.platform.engine.support.hierarchical.NodeTestTask.lambda$executeRecursively$7(NodeTestTask.java:125)
	at org.junit.platform.engine.support.hierarchical.Node.around(Node.java:135)
	at org.junit.platform.engine.support.hierarchical.NodeTestTask.lambda$executeRecursively$8(NodeTestTask.java:123)
	at org.junit.platform.engine.support.hierarchical.ThrowableCollector.execute(ThrowableCollector.java:73)
	at org.junit.platform.engine.support.hierarchical.NodeTestTask.executeRecursively(NodeTestTask.java:122)
	at org.junit.platform.engine.support.hierarchical.NodeTestTask.execute(NodeTestTask.java:80)
	at org.junit.platform.engine.support.hierarchical.SameThreadHierarchicalTestExecutorService.submit(SameThreadHierarchicalTestExecutorService.java:32)
	at org.junit.platform.engine.support.hierarchical.HierarchicalTestExecutor.execute(HierarchicalTestExecutor.java:57)
	at org.junit.platform.engine.support.hierarchical.HierarchicalTestEngine.execute(HierarchicalTestEngine.java:51)
	at org.junit.platform.launcher.core.DefaultLauncher.execute(DefaultLauncher.java:170)
	at org.junit.platform.launcher.core.DefaultLauncher.execute(DefaultLauncher.java:154)
	at org.junit.platform.launcher.core.DefaultLauncher.execute(DefaultLauncher.java:90)
	at org.gradle.api.internal.tasks.testing.junitplatform.JUnitPlatformTestClassProcessor$CollectAllTestClassesExecutor.processAllTestClasses(JUnitPlatformTestClassProcessor.java:92)
	at org.gradle.api.internal.tasks.testing.junitplatform.JUnitPlatformTestClassProcessor$CollectAllTestClassesExecutor.access$100(JUnitPlatformTestClassProcessor.java:77)
	at org.gradle.api.internal.tasks.testing.junitplatform.JUnitPlatformTestClassProcessor.stop(JUnitPlatformTestClassProcessor.java:73)
	at org.gradle.api.internal.tasks.testing.SuiteTestClassProcessor.stop(SuiteTestClassProcessor.java:61)
	at sun.reflect.NativeMethodAccessorImpl.invoke0(Native Method)
	at sun.reflect.NativeMethodAccessorImpl.invoke(NativeMethodAccessorImpl.java:62)
	at sun.reflect.DelegatingMethodAccessorImpl.invoke(DelegatingMethodAccessorImpl.java:43)
	at java.lang.reflect.Method.invoke(Method.java:498)
	at org.gradle.internal.dispatch.ReflectionDispatch.dispatch(ReflectionDispatch.java:35)
	at org.gradle.internal.dispatch.ReflectionDispatch.dispatch(ReflectionDispatch.java:24)
	at org.gradle.internal.dispatch.ContextClassLoaderDispatch.dispatch(ContextClassLoaderDispatch.java:32)
	at org.gradle.internal.dispatch.ProxyDispatchAdapter$DispatchingInvocationHandler.invoke(ProxyDispatchAdapter.java:93)
	at com.sun.proxy.$Proxy2.stop(Unknown Source)
	at org.gradle.api.internal.tasks.testing.worker.TestWorker.stop(TestWorker.java:131)
	at sun.reflect.NativeMethodAccessorImpl.invoke0(Native Method)
	at sun.reflect.NativeMethodAccessorImpl.invoke(NativeMethodAccessorImpl.java:62)
	at sun.reflect.DelegatingMethodAccessorImpl.invoke(DelegatingMethodAccessorImpl.java:43)
	at java.lang.reflect.Method.invoke(Method.java:498)
	at org.gradle.internal.dispatch.ReflectionDispatch.dispatch(ReflectionDispatch.java:35)
	at org.gradle.internal.dispatch.ReflectionDispatch.dispatch(ReflectionDispatch.java:24)
	at org.gradle.internal.remote.internal.hub.MessageHubBackedObjectConnection$DispatchWrapper.dispatch(MessageHubBackedObjectConnection.java:155)
	at org.gradle.internal.remote.internal.hub.MessageHubBackedObjectConnection$DispatchWrapper.dispatch(MessageHubBackedObjectConnection.java:137)
	at org.gradle.internal.remote.internal.hub.MessageHub$Handler.run(MessageHub.java:404)
	at org.gradle.internal.concurrent.ExecutorPolicy$CatchAndRecordFailures.onExecute(ExecutorPolicy.java:63)
	at org.gradle.internal.concurrent.ManagedExecutorImpl$1.run(ManagedExecutorImpl.java:46)
	at java.util.concurrent.ThreadPoolExecutor.runWorker(ThreadPoolExecutor.java:1149)
	at java.util.concurrent.ThreadPoolExecutor$Worker.run(ThreadPoolExecutor.java:624)
	at org.gradle.internal.concurrent.ThreadFactoryImpl$ManagedThreadRunnable.run(ThreadFactoryImpl.java:55)
	at java.lang.Thread.run(Thread.java:748)
Caused by: java.io.IOException: Error while instrumenting org/terasology/world/EntityAwareWorldProviderTest$BlockEventCheckerMethodAccess.
	at org.jacoco.agent.rt.internal_43f5073.core.instr.Instrumenter.instrumentError(Instrumenter.java:159)
	at org.jacoco.agent.rt.internal_43f5073.core.instr.Instrumenter.instrument(Instrumenter.java:109)
	at org.jacoco.agent.rt.internal_43f5073.CoverageTransformer.transform(CoverageTransformer.java:92)
	... 98 more
Caused by: java.lang.IllegalArgumentException
	at org.jacoco.agent.rt.internal_43f5073.asm.ClassReader.readVerificationTypeInfo(ClassReader.java:3178)
	at org.jacoco.agent.rt.internal_43f5073.asm.ClassReader.readStackMapFrame(ClassReader.java:3105)
	at org.jacoco.agent.rt.internal_43f5073.asm.ClassReader.readCode(ClassReader.java:1855)
	at org.jacoco.agent.rt.internal_43f5073.asm.ClassReader.readMethod(ClassReader.java:1284)
	at org.jacoco.agent.rt.internal_43f5073.asm.ClassReader.accept(ClassReader.java:688)
	at org.jacoco.agent.rt.internal_43f5073.asm.ClassReader.accept(ClassReader.java:400)
	at org.jacoco.agent.rt.internal_43f5073.core.instr.Instrumenter.instrument(Instrumenter.java:89)
	at org.jacoco.agent.rt.internal_43f5073.core.instr.Instrumenter.instrument(Instrumenter.java:107)
	... 99 more
</pre>
</span>
</div>
</div>
<div id="footer">
<p>
<div>
<label class="hidden" id="label-for-line-wrapping-toggle" for="line-wrapping-toggle">Wrap lines
<input id="line-wrapping-toggle" type="checkbox" autocomplete="off"/>
</label>
</div>Generated by 
<a href="http://www.gradle.org">Gradle 4.10.3</a> at Feb 27, 2020 7:59:38 PM</p>
</div>
</div>
</body>
</html>
