<!DOCTYPE html>
<html>
<head>
<meta http-equiv="Content-Type" content="text/html; charset=utf-8"/>
<meta http-equiv="x-ua-compatible" content="IE=edge"/>
<title>Test results - NetworkOwnershipTest</title>
<link href="../css/base-style.css" rel="stylesheet" type="text/css"/>
<link href="../css/style.css" rel="stylesheet" type="text/css"/>
<script src="../js/report.js" type="text/javascript"></script>
</head>
<body>
<div id="content">
<h1>NetworkOwnershipTest</h1>
<div class="breadcrumbs">
<a href="../index.html">all</a> &gt; 
<a href="../packages/org.terasology.network.internal.html">org.terasology.network.internal</a> &gt; NetworkOwnershipTest</div>
<div id="summary">
<table>
<tr>
<td>
<div class="summaryGroup">
<table>
<tr>
<td>
<div class="infoBox" id="tests">
<div class="counter">7</div>
<p>tests</p>
</div>
</td>
<td>
<div class="infoBox" id="failures">
<div class="counter">0</div>
<p>failures</p>
</div>
</td>
<td>
<div class="infoBox" id="ignored">
<div class="counter">0</div>
<p>ignored</p>
</div>
</td>
<td>
<div class="infoBox" id="duration">
<div class="counter">3.930s</div>
<p>duration</p>
</div>
</td>
</tr>
</table>
</div>
</td>
<td>
<div class="infoBox success" id="successRate">
<div class="percent">100%</div>
<p>successful</p>
</div>
</td>
</tr>
</table>
</div>
<div id="tabs">
<ul class="tabLinks">
<li>
<a href="#tab0">Tests</a>
</li>
<li>
<a href="#tab1">Standard output</a>
</li>
<li>
<a href="#tab2">Standard error</a>
</li>
</ul>
<div id="tab0" class="tab">
<h2>Tests</h2>
<table>
<thead>
<tr>
<th>Test</th>
<th>Duration</th>
<th>Result</th>
</tr>
</thead>
<tr>
<td class="success">testClientNoInitialEntityIfNotOwnedAndReplicateToOwner()</td>
<td class="success">0.503s</td>
<td class="success">passed</td>
</tr>
<tr>
<td class="success">testClientSendInitialForRelevantOwnedItems()</td>
<td class="success">0.460s</td>
<td class="success">passed</td>
</tr>
<tr>
<td class="success">testClientSentInitialForOwnershipChain()</td>
<td class="success">0.437s</td>
<td class="success">passed</td>
</tr>
<tr>
<td class="success">testClientSentInitialIfOwnedEntityRegistered()</td>
<td class="success">0.443s</td>
<td class="success">passed</td>
</tr>
<tr>
<td class="success">testClientSentInitialOnlyOnce()</td>
<td class="success">0.480s</td>
<td class="success">passed</td>
</tr>
<tr>
<td class="success">testClientSentNetInitialForExistingNetworkEntityOnConnect()</td>
<td class="success">1.086s</td>
<td class="success">passed</td>
</tr>
<tr>
<td class="success">testClientSentNetInitialForNewNetworkEntity()</td>
<td class="success">0.521s</td>
<td class="success">passed</td>
</tr>
</table>
</div>
<div id="tab1" class="tab">
<h2>Standard output</h2>
<span class="code">
<pre>19:56:18.108 [Test worker] INFO  o.t.module.ModulePathScanner - Discovered module: BiomesAPI-1.0.0-SNAPSHOT
19:56:18.112 [Test worker] INFO  o.t.module.ModulePathScanner - Discovered module: BuilderSampleGameplay-2.2.1-SNAPSHOT
19:56:18.117 [Test worker] INFO  o.t.module.ModulePathScanner - Discovered module: Core-2.2.1-SNAPSHOT
19:56:18.123 [Test worker] INFO  o.t.module.ModulePathScanner - Discovered module: CoreSampleGameplay-2.2.1-SNAPSHOT
19:56:18.129 [Test worker] INFO  o.t.module.ModulePathScanner - Discovered module: CoreAssets-1.0.1-SNAPSHOT
19:56:18.130 [Test worker] INFO  o.t.module.ModulePathScanner - Discovered module: CoreBlocks-1.0.1-SNAPSHOT
19:56:18.133 [Test worker] INFO  o.t.module.ModulePathScanner - Discovered module: Health-0.1.0-SNAPSHOT
19:56:18.135 [Test worker] INFO  o.t.module.ModulePathScanner - Discovered module: Inventory-1.0.0-SNAPSHOT
19:56:18.140 [Test worker] INFO  o.t.module.ModulePathScanner - Discovered module: ModuleTestingEnvironment-0.1.0-SNAPSHOT
19:56:18.262 [Test worker] WARN  org.reflections.Reflections - given scan urls are empty. set urls in the configuration
19:56:18.310 [Test worker] WARN  org.reflections.Reflections - given scan urls are empty. set urls in the configuration
19:56:18.320 [Test worker] WARN  org.reflections.Reflections - given scan urls are empty. set urls in the configuration
19:56:20.028 [Test worker] INFO  o.t.w.c.b.ExtraBlockDataManager - Extra data slots registered:
19:56:20.379 [Test worker] INFO  o.t.module.ModulePathScanner - Discovered module: BiomesAPI-1.0.0-SNAPSHOT
19:56:20.387 [Test worker] INFO  o.t.module.ModulePathScanner - Discovered module: BuilderSampleGameplay-2.2.1-SNAPSHOT
19:56:20.390 [Test worker] INFO  o.t.module.ModulePathScanner - Discovered module: Core-2.2.1-SNAPSHOT
19:56:20.394 [Test worker] INFO  o.t.module.ModulePathScanner - Discovered module: CoreSampleGameplay-2.2.1-SNAPSHOT
19:56:20.401 [Test worker] INFO  o.t.module.ModulePathScanner - Discovered module: CoreAssets-1.0.1-SNAPSHOT
19:56:20.405 [Test worker] INFO  o.t.module.ModulePathScanner - Discovered module: CoreBlocks-1.0.1-SNAPSHOT
19:56:20.407 [Test worker] INFO  o.t.module.ModulePathScanner - Discovered module: Health-0.1.0-SNAPSHOT
19:56:20.408 [Test worker] INFO  o.t.module.ModulePathScanner - Discovered module: Inventory-1.0.0-SNAPSHOT
19:56:20.408 [Test worker] INFO  o.t.module.ModulePathScanner - Discovered module: ModuleTestingEnvironment-0.1.0-SNAPSHOT
19:56:20.512 [Test worker] WARN  org.reflections.Reflections - given scan urls are empty. set urls in the configuration
19:56:20.556 [Test worker] WARN  org.reflections.Reflections - given scan urls are empty. set urls in the configuration
19:56:21.227 [Test worker] INFO  o.t.n.internal.NetworkSystemImpl - New client entity: EntityRef{id = 1, netId = 1}
19:56:21.495 [Test worker] INFO  o.t.module.ModulePathScanner - Discovered module: BiomesAPI-1.0.0-SNAPSHOT
19:56:21.499 [Test worker] INFO  o.t.module.ModulePathScanner - Discovered module: BuilderSampleGameplay-2.2.1-SNAPSHOT
19:56:21.505 [Test worker] INFO  o.t.module.ModulePathScanner - Discovered module: Core-2.2.1-SNAPSHOT
19:56:21.509 [Test worker] INFO  o.t.module.ModulePathScanner - Discovered module: CoreSampleGameplay-2.2.1-SNAPSHOT
19:56:21.511 [Test worker] INFO  o.t.module.ModulePathScanner - Discovered module: CoreAssets-1.0.1-SNAPSHOT
19:56:21.513 [Test worker] INFO  o.t.module.ModulePathScanner - Discovered module: CoreBlocks-1.0.1-SNAPSHOT
19:56:21.515 [Test worker] INFO  o.t.module.ModulePathScanner - Discovered module: Health-0.1.0-SNAPSHOT
19:56:21.518 [Test worker] INFO  o.t.module.ModulePathScanner - Discovered module: Inventory-1.0.0-SNAPSHOT
19:56:21.521 [Test worker] INFO  o.t.module.ModulePathScanner - Discovered module: ModuleTestingEnvironment-0.1.0-SNAPSHOT
19:56:21.630 [Test worker] WARN  org.reflections.Reflections - given scan urls are empty. set urls in the configuration
19:56:21.688 [Test worker] WARN  org.reflections.Reflections - given scan urls are empty. set urls in the configuration
19:56:21.809 [Test worker] INFO  o.t.n.internal.NetworkSystemImpl - New client entity: EntityRef{id = 1, netId = 1}
19:56:21.811 [Test worker] INFO  o.t.n.internal.NetworkSystemImpl - Component class org.terasology.entitySystem.entity.internal.EntityInfoComponent added to EntityRef{id = 2, netId = 2}
19:56:21.812 [Test worker] INFO  o.t.n.internal.NetworkSystemImpl - Component class org.terasology.network.NetworkComponent added to EntityRef{id = 2, netId = 2}
19:56:21.813 [Test worker] INFO  o.t.n.internal.NetworkSystemImpl - Component class org.terasology.entitySystem.entity.internal.EntityInfoComponent added to EntityRef{id = 2, netId = 2}
19:56:21.997 [Test worker] INFO  o.t.module.ModulePathScanner - Discovered module: BiomesAPI-1.0.0-SNAPSHOT
19:56:22.000 [Test worker] INFO  o.t.module.ModulePathScanner - Discovered module: BuilderSampleGameplay-2.2.1-SNAPSHOT
19:56:22.004 [Test worker] INFO  o.t.module.ModulePathScanner - Discovered module: Core-2.2.1-SNAPSHOT
19:56:22.006 [Test worker] INFO  o.t.module.ModulePathScanner - Discovered module: CoreSampleGameplay-2.2.1-SNAPSHOT
19:56:22.008 [Test worker] INFO  o.t.module.ModulePathScanner - Discovered module: CoreAssets-1.0.1-SNAPSHOT
19:56:22.011 [Test worker] INFO  o.t.module.ModulePathScanner - Discovered module: CoreBlocks-1.0.1-SNAPSHOT
19:56:22.013 [Test worker] INFO  o.t.module.ModulePathScanner - Discovered module: Health-0.1.0-SNAPSHOT
19:56:22.014 [Test worker] INFO  o.t.module.ModulePathScanner - Discovered module: Inventory-1.0.0-SNAPSHOT
19:56:22.019 [Test worker] INFO  o.t.module.ModulePathScanner - Discovered module: ModuleTestingEnvironment-0.1.0-SNAPSHOT
19:56:22.128 [Test worker] WARN  org.reflections.Reflections - given scan urls are empty. set urls in the configuration
19:56:22.171 [Test worker] WARN  org.reflections.Reflections - given scan urls are empty. set urls in the configuration
19:56:22.292 [Test worker] INFO  o.t.n.internal.NetworkSystemImpl - New client entity: EntityRef{id = 1, netId = 1}
19:56:22.477 [Test worker] INFO  o.t.module.ModulePathScanner - Discovered module: BiomesAPI-1.0.0-SNAPSHOT
19:56:22.479 [Test worker] INFO  o.t.module.ModulePathScanner - Discovered module: BuilderSampleGameplay-2.2.1-SNAPSHOT
19:56:22.481 [Test worker] INFO  o.t.module.ModulePathScanner - Discovered module: Core-2.2.1-SNAPSHOT
19:56:22.484 [Test worker] INFO  o.t.module.ModulePathScanner - Discovered module: CoreSampleGameplay-2.2.1-SNAPSHOT
19:56:22.487 [Test worker] INFO  o.t.module.ModulePathScanner - Discovered module: CoreAssets-1.0.1-SNAPSHOT
19:56:22.490 [Test worker] INFO  o.t.module.ModulePathScanner - Discovered module: CoreBlocks-1.0.1-SNAPSHOT
19:56:22.492 [Test worker] INFO  o.t.module.ModulePathScanner - Discovered module: Health-0.1.0-SNAPSHOT
19:56:22.493 [Test worker] INFO  o.t.module.ModulePathScanner - Discovered module: Inventory-1.0.0-SNAPSHOT
19:56:22.494 [Test worker] INFO  o.t.module.ModulePathScanner - Discovered module: ModuleTestingEnvironment-0.1.0-SNAPSHOT
19:56:22.595 [Test worker] WARN  org.reflections.Reflections - given scan urls are empty. set urls in the configuration
19:56:22.626 [Test worker] WARN  org.reflections.Reflections - given scan urls are empty. set urls in the configuration
19:56:22.752 [Test worker] INFO  o.t.n.internal.NetworkSystemImpl - New client entity: EntityRef{id = 1, netId = 1}
19:56:22.960 [Test worker] INFO  o.t.module.ModulePathScanner - Discovered module: BiomesAPI-1.0.0-SNAPSHOT
19:56:22.961 [Test worker] INFO  o.t.module.ModulePathScanner - Discovered module: BuilderSampleGameplay-2.2.1-SNAPSHOT
19:56:22.962 [Test worker] INFO  o.t.module.ModulePathScanner - Discovered module: Core-2.2.1-SNAPSHOT
19:56:22.964 [Test worker] INFO  o.t.module.ModulePathScanner - Discovered module: CoreSampleGameplay-2.2.1-SNAPSHOT
19:56:22.967 [Test worker] INFO  o.t.module.ModulePathScanner - Discovered module: CoreAssets-1.0.1-SNAPSHOT
19:56:22.969 [Test worker] INFO  o.t.module.ModulePathScanner - Discovered module: CoreBlocks-1.0.1-SNAPSHOT
19:56:22.971 [Test worker] INFO  o.t.module.ModulePathScanner - Discovered module: Health-0.1.0-SNAPSHOT
19:56:22.973 [Test worker] INFO  o.t.module.ModulePathScanner - Discovered module: Inventory-1.0.0-SNAPSHOT
19:56:22.974 [Test worker] INFO  o.t.module.ModulePathScanner - Discovered module: ModuleTestingEnvironment-0.1.0-SNAPSHOT
19:56:23.095 [Test worker] WARN  org.reflections.Reflections - given scan urls are empty. set urls in the configuration
19:56:23.137 [Test worker] WARN  org.reflections.Reflections - given scan urls are empty. set urls in the configuration
19:56:23.254 [Test worker] INFO  o.t.n.internal.NetworkSystemImpl - New client entity: EntityRef{id = 1, netId = 1}
19:56:23.254 [Test worker] INFO  o.t.n.internal.NetworkSystemImpl - Component class org.terasology.entitySystem.entity.internal.EntityInfoComponent added to EntityRef{id = 2, netId = 2}
19:56:23.254 [Test worker] INFO  o.t.n.internal.NetworkSystemImpl - Component class org.terasology.network.NetworkComponent added to EntityRef{id = 2, netId = 2}
19:56:23.254 [Test worker] INFO  o.t.n.internal.NetworkSystemImpl - Component class org.terasology.entitySystem.entity.internal.EntityInfoComponent added to EntityRef{id = 2, netId = 2}
19:56:23.434 [Test worker] INFO  o.t.module.ModulePathScanner - Discovered module: BiomesAPI-1.0.0-SNAPSHOT
19:56:23.437 [Test worker] INFO  o.t.module.ModulePathScanner - Discovered module: BuilderSampleGameplay-2.2.1-SNAPSHOT
19:56:23.437 [Test worker] INFO  o.t.module.ModulePathScanner - Discovered module: Core-2.2.1-SNAPSHOT
19:56:23.437 [Test worker] INFO  o.t.module.ModulePathScanner - Discovered module: CoreSampleGameplay-2.2.1-SNAPSHOT
19:56:23.441 [Test worker] INFO  o.t.module.ModulePathScanner - Discovered module: CoreAssets-1.0.1-SNAPSHOT
19:56:23.441 [Test worker] INFO  o.t.module.ModulePathScanner - Discovered module: CoreBlocks-1.0.1-SNAPSHOT
19:56:23.445 [Test worker] INFO  o.t.module.ModulePathScanner - Discovered module: Health-0.1.0-SNAPSHOT
19:56:23.447 [Test worker] INFO  o.t.module.ModulePathScanner - Discovered module: Inventory-1.0.0-SNAPSHOT
19:56:23.449 [Test worker] INFO  o.t.module.ModulePathScanner - Discovered module: ModuleTestingEnvironment-0.1.0-SNAPSHOT
19:56:23.549 [Test worker] WARN  org.reflections.Reflections - given scan urls are empty. set urls in the configuration
19:56:23.584 [Test worker] WARN  org.reflections.Reflections - given scan urls are empty. set urls in the configuration
19:56:23.696 [Test worker] INFO  o.t.n.internal.NetworkSystemImpl - New client entity: EntityRef{id = 1, netId = 1}
19:56:23.699 [Test worker] INFO  o.t.n.internal.NetworkSystemImpl - Component class org.terasology.network.NetworkComponent added to EntityRef{id = 2, netId = 2}
19:56:23.699 [Test worker] INFO  o.t.n.internal.NetworkSystemImpl - Component class org.terasology.entitySystem.entity.internal.EntityInfoComponent added to EntityRef{id = 2, netId = 2}
19:56:23.873 [Test worker] INFO  o.t.module.ModulePathScanner - Discovered module: BiomesAPI-1.0.0-SNAPSHOT
19:56:23.875 [Test worker] INFO  o.t.module.ModulePathScanner - Discovered module: BuilderSampleGameplay-2.2.1-SNAPSHOT
19:56:23.877 [Test worker] INFO  o.t.module.ModulePathScanner - Discovered module: Core-2.2.1-SNAPSHOT
19:56:23.877 [Test worker] INFO  o.t.module.ModulePathScanner - Discovered module: CoreSampleGameplay-2.2.1-SNAPSHOT
19:56:23.882 [Test worker] INFO  o.t.module.ModulePathScanner - Discovered module: CoreAssets-1.0.1-SNAPSHOT
19:56:23.885 [Test worker] INFO  o.t.module.ModulePathScanner - Discovered module: CoreBlocks-1.0.1-SNAPSHOT
19:56:23.887 [Test worker] INFO  o.t.module.ModulePathScanner - Discovered module: Health-0.1.0-SNAPSHOT
19:56:23.888 [Test worker] INFO  o.t.module.ModulePathScanner - Discovered module: Inventory-1.0.0-SNAPSHOT
19:56:23.888 [Test worker] INFO  o.t.module.ModulePathScanner - Discovered module: ModuleTestingEnvironment-0.1.0-SNAPSHOT
19:56:23.986 [Test worker] WARN  org.reflections.Reflections - given scan urls are empty. set urls in the configuration
19:56:24.019 [Test worker] WARN  org.reflections.Reflections - given scan urls are empty. set urls in the configuration
19:56:24.135 [Test worker] INFO  o.t.n.internal.NetworkSystemImpl - New client entity: EntityRef{id = 1, netId = 1}
</pre>
</span>
</div>
<div id="tab2" class="tab">
<h2>Standard error</h2>
<span class="code">
<pre>java.lang.instrument.IllegalClassFormatException: Error while instrumenting org/terasology/network/internal/NetworkEntitySystemMethodAccess.
	at org.jacoco.agent.rt.internal_43f5073.CoverageTransformer.transform(CoverageTransformer.java:94)
	at sun.instrument.TransformerManager.transform(TransformerManager.java:188)
	at sun.instrument.InstrumentationImpl.transform(InstrumentationImpl.java:428)
	at java.lang.ClassLoader.defineClass1(Native Method)
	at java.lang.ClassLoader.defineClass(ClassLoader.java:763)
	at sun.reflect.GeneratedMethodAccessor26.invoke(Unknown Source)
	at sun.reflect.DelegatingMethodAccessorImpl.invoke(DelegatingMethodAccessorImpl.java:43)
	at java.lang.reflect.Method.invoke(Method.java:498)
	at com.esotericsoftware.reflectasm.AccessClassLoader.defineClass(AccessClassLoader.java:98)
	at com.esotericsoftware.reflectasm.MethodAccess.get(MethodAccess.java:272)
	at org.terasology.entitySystem.event.internal.EventSystemImpl$ByteCodeEventHandlerInfo.&lt;init&gt;(EventSystemImpl.java:501)
	at org.terasology.entitySystem.event.internal.EventSystemImpl.registerEventHandler(EventSystemImpl.java:178)
	at org.terasology.engine.ComponentSystemManager.register(ComponentSystemManager.java:128)
	at org.terasology.engine.ComponentSystemManager.register(ComponentSystemManager.java:138)
	at org.terasology.network.internal.NetworkSystemImpl.connectToEntitySystem(NetworkSystemImpl.java:535)
	at org.terasology.network.internal.NetworkOwnershipTest.setup(NetworkOwnershipTest.java:75)
	at sun.reflect.NativeMethodAccessorImpl.invoke0(Native Method)
	at sun.reflect.NativeMethodAccessorImpl.invoke(NativeMethodAccessorImpl.java:62)
	at sun.reflect.DelegatingMethodAccessorImpl.invoke(DelegatingMethodAccessorImpl.java:43)
	at java.lang.reflect.Method.invoke(Method.java:498)
	at org.junit.platform.commons.util.ReflectionUtils.invokeMethod(ReflectionUtils.java:675)
	at org.junit.jupiter.engine.execution.MethodInvocation.proceed(MethodInvocation.java:60)
	at org.junit.jupiter.engine.execution.InvocationInterceptorChain$ValidatingInvocation.proceed(InvocationInterceptorChain.java:125)
	at org.junit.jupiter.engine.extension.TimeoutExtension.intercept(TimeoutExtension.java:132)
	at org.junit.jupiter.engine.extension.TimeoutExtension.interceptLifecycleMethod(TimeoutExtension.java:111)
	at org.junit.jupiter.engine.extension.TimeoutExtension.interceptBeforeEachMethod(TimeoutExtension.java:67)
	at org.junit.jupiter.engine.execution.ExecutableInvoker$ReflectiveInterceptorCall.lambda$ofVoidMethod$0(ExecutableInvoker.java:115)
	at org.junit.jupiter.engine.execution.ExecutableInvoker.lambda$invoke$0(ExecutableInvoker.java:105)
	at org.junit.jupiter.engine.execution.InvocationInterceptorChain$InterceptedInvocation.proceed(InvocationInterceptorChain.java:104)
	at org.junit.jupiter.engine.execution.InvocationInterceptorChain.proceed(InvocationInterceptorChain.java:62)
	at org.junit.jupiter.engine.execution.InvocationInterceptorChain.chainAndInvoke(InvocationInterceptorChain.java:43)
	at org.junit.jupiter.engine.execution.InvocationInterceptorChain.invoke(InvocationInterceptorChain.java:35)
	at org.junit.jupiter.engine.execution.ExecutableInvoker.invoke(ExecutableInvoker.java:104)
	at org.junit.jupiter.engine.execution.ExecutableInvoker.invoke(ExecutableInvoker.java:98)
	at org.junit.jupiter.engine.descriptor.ClassBasedTestDescriptor.invokeMethodInExtensionContext(ClassBasedTestDescriptor.java:464)
	at org.junit.jupiter.engine.descriptor.ClassBasedTestDescriptor.lambda$synthesizeBeforeEachMethodAdapter$16(ClassBasedTestDescriptor.java:449)
	at org.junit.jupiter.engine.descriptor.TestMethodTestDescriptor.lambda$invokeBeforeEachMethods$2(TestMethodTestDescriptor.java:159)
	at org.junit.jupiter.engine.descriptor.TestMethodTestDescriptor.lambda$invokeBeforeMethodsOrCallbacksUntilExceptionOccurs$5(TestMethodTestDescriptor.java:187)
	at org.junit.platform.engine.support.hierarchical.ThrowableCollector.execute(ThrowableCollector.java:73)
	at org.junit.jupiter.engine.descriptor.TestMethodTestDescriptor.invokeBeforeMethodsOrCallbacksUntilExceptionOccurs(TestMethodTestDescriptor.java:187)
	at org.junit.jupiter.engine.descriptor.TestMethodTestDescriptor.invokeBeforeEachMethods(TestMethodTestDescriptor.java:156)
	at org.junit.jupiter.engine.descriptor.TestMethodTestDescriptor.execute(TestMethodTestDescriptor.java:131)
	at org.junit.jupiter.engine.descriptor.TestMethodTestDescriptor.execute(TestMethodTestDescriptor.java:69)
	at org.junit.platform.engine.support.hierarchical.NodeTestTask.lambda$executeRecursively$5(NodeTestTask.java:135)
	at org.junit.platform.engine.support.hierarchical.ThrowableCollector.execute(ThrowableCollector.java:73)
	at org.junit.platform.engine.support.hierarchical.NodeTestTask.lambda$executeRecursively$7(NodeTestTask.java:125)
	at org.junit.platform.engine.support.hierarchical.Node.around(Node.java:135)
	at org.junit.platform.engine.support.hierarchical.NodeTestTask.lambda$executeRecursively$8(NodeTestTask.java:123)
	at org.junit.platform.engine.support.hierarchical.ThrowableCollector.execute(ThrowableCollector.java:73)
	at org.junit.platform.engine.support.hierarchical.NodeTestTask.executeRecursively(NodeTestTask.java:122)
	at org.junit.platform.engine.support.hierarchical.NodeTestTask.execute(NodeTestTask.java:80)
	at java.util.ArrayList.forEach(ArrayList.java:1257)
	at org.junit.platform.engine.support.hierarchical.SameThreadHierarchicalTestExecutorService.invokeAll(SameThreadHierarchicalTestExecutorService.java:38)
	at org.junit.platform.engine.support.hierarchical.NodeTestTask.lambda$executeRecursively$5(NodeTestTask.java:139)
	at org.junit.platform.engine.support.hierarchical.ThrowableCollector.execute(ThrowableCollector.java:73)
	at org.junit.platform.engine.support.hierarchical.NodeTestTask.lambda$executeRecursively$7(NodeTestTask.java:125)
	at org.junit.platform.engine.support.hierarchical.Node.around(Node.java:135)
	at org.junit.platform.engine.support.hierarchical.NodeTestTask.lambda$executeRecursively$8(NodeTestTask.java:123)
	at org.junit.platform.engine.support.hierarchical.ThrowableCollector.execute(ThrowableCollector.java:73)
	at org.junit.platform.engine.support.hierarchical.NodeTestTask.executeRecursively(NodeTestTask.java:122)
	at org.junit.platform.engine.support.hierarchical.NodeTestTask.execute(NodeTestTask.java:80)
	at java.util.ArrayList.forEach(ArrayList.java:1257)
	at org.junit.platform.engine.support.hierarchical.SameThreadHierarchicalTestExecutorService.invokeAll(SameThreadHierarchicalTestExecutorService.java:38)
	at org.junit.platform.engine.support.hierarchical.NodeTestTask.lambda$executeRecursively$5(NodeTestTask.java:139)
	at org.junit.platform.engine.support.hierarchical.ThrowableCollector.execute(ThrowableCollector.java:73)
	at org.junit.platform.engine.support.hierarchical.NodeTestTask.lambda$executeRecursively$7(NodeTestTask.java:125)
	at org.junit.platform.engine.support.hierarchical.Node.around(Node.java:135)
	at org.junit.platform.engine.support.hierarchical.NodeTestTask.lambda$executeRecursively$8(NodeTestTask.java:123)
	at org.junit.platform.engine.support.hierarchical.ThrowableCollector.execute(ThrowableCollector.java:73)
	at org.junit.platform.engine.support.hierarchical.NodeTestTask.executeRecursively(NodeTestTask.java:122)
	at org.junit.platform.engine.support.hierarchical.NodeTestTask.execute(NodeTestTask.java:80)
	at org.junit.platform.engine.support.hierarchical.SameThreadHierarchicalTestExecutorService.submit(SameThreadHierarchicalTestExecutorService.java:32)
	at org.junit.platform.engine.support.hierarchical.HierarchicalTestExecutor.execute(HierarchicalTestExecutor.java:57)
	at org.junit.platform.engine.support.hierarchical.HierarchicalTestEngine.execute(HierarchicalTestEngine.java:51)
	at org.junit.platform.launcher.core.DefaultLauncher.execute(DefaultLauncher.java:170)
	at org.junit.platform.launcher.core.DefaultLauncher.execute(DefaultLauncher.java:154)
	at org.junit.platform.launcher.core.DefaultLauncher.execute(DefaultLauncher.java:90)
	at org.gradle.api.internal.tasks.testing.junitplatform.JUnitPlatformTestClassProcessor$CollectAllTestClassesExecutor.processAllTestClasses(JUnitPlatformTestClassProcessor.java:92)
	at org.gradle.api.internal.tasks.testing.junitplatform.JUnitPlatformTestClassProcessor$CollectAllTestClassesExecutor.access$100(JUnitPlatformTestClassProcessor.java:77)
	at org.gradle.api.internal.tasks.testing.junitplatform.JUnitPlatformTestClassProcessor.stop(JUnitPlatformTestClassProcessor.java:73)
	at org.gradle.api.internal.tasks.testing.SuiteTestClassProcessor.stop(SuiteTestClassProcessor.java:61)
	at sun.reflect.NativeMethodAccessorImpl.invoke0(Native Method)
	at sun.reflect.NativeMethodAccessorImpl.invoke(NativeMethodAccessorImpl.java:62)
	at sun.reflect.DelegatingMethodAccessorImpl.invoke(DelegatingMethodAccessorImpl.java:43)
	at java.lang.reflect.Method.invoke(Method.java:498)
	at org.gradle.internal.dispatch.ReflectionDispatch.dispatch(ReflectionDispatch.java:35)
	at org.gradle.internal.dispatch.ReflectionDispatch.dispatch(ReflectionDispatch.java:24)
	at org.gradle.internal.dispatch.ContextClassLoaderDispatch.dispatch(ContextClassLoaderDispatch.java:32)
	at org.gradle.internal.dispatch.ProxyDispatchAdapter$DispatchingInvocationHandler.invoke(ProxyDispatchAdapter.java:93)
	at com.sun.proxy.$Proxy2.stop(Unknown Source)
	at org.gradle.api.internal.tasks.testing.worker.TestWorker.stop(TestWorker.java:131)
	at sun.reflect.NativeMethodAccessorImpl.invoke0(Native Method)
	at sun.reflect.NativeMethodAccessorImpl.invoke(NativeMethodAccessorImpl.java:62)
	at sun.reflect.DelegatingMethodAccessorImpl.invoke(DelegatingMethodAccessorImpl.java:43)
	at java.lang.reflect.Method.invoke(Method.java:498)
	at org.gradle.internal.dispatch.ReflectionDispatch.dispatch(ReflectionDispatch.java:35)
	at org.gradle.internal.dispatch.ReflectionDispatch.dispatch(ReflectionDispatch.java:24)
	at org.gradle.internal.remote.internal.hub.MessageHubBackedObjectConnection$DispatchWrapper.dispatch(MessageHubBackedObjectConnection.java:155)
	at org.gradle.internal.remote.internal.hub.MessageHubBackedObjectConnection$DispatchWrapper.dispatch(MessageHubBackedObjectConnection.java:137)
	at org.gradle.internal.remote.internal.hub.MessageHub$Handler.run(MessageHub.java:404)
	at org.gradle.internal.concurrent.ExecutorPolicy$CatchAndRecordFailures.onExecute(ExecutorPolicy.java:63)
	at org.gradle.internal.concurrent.ManagedExecutorImpl$1.run(ManagedExecutorImpl.java:46)
	at java.util.concurrent.ThreadPoolExecutor.runWorker(ThreadPoolExecutor.java:1149)
	at java.util.concurrent.ThreadPoolExecutor$Worker.run(ThreadPoolExecutor.java:624)
	at org.gradle.internal.concurrent.ThreadFactoryImpl$ManagedThreadRunnable.run(ThreadFactoryImpl.java:55)
	at java.lang.Thread.run(Thread.java:748)
Caused by: java.io.IOException: Error while instrumenting org/terasology/network/internal/NetworkEntitySystemMethodAccess.
	at org.jacoco.agent.rt.internal_43f5073.core.instr.Instrumenter.instrumentError(Instrumenter.java:159)
	at org.jacoco.agent.rt.internal_43f5073.core.instr.Instrumenter.instrument(Instrumenter.java:109)
	at org.jacoco.agent.rt.internal_43f5073.CoverageTransformer.transform(CoverageTransformer.java:92)
	... 105 more
Caused by: java.lang.IllegalArgumentException
	at org.jacoco.agent.rt.internal_43f5073.asm.ClassReader.readVerificationTypeInfo(ClassReader.java:3178)
	at org.jacoco.agent.rt.internal_43f5073.asm.ClassReader.readStackMapFrame(ClassReader.java:3105)
	at org.jacoco.agent.rt.internal_43f5073.asm.ClassReader.readCode(ClassReader.java:1855)
	at org.jacoco.agent.rt.internal_43f5073.asm.ClassReader.readMethod(ClassReader.java:1284)
	at org.jacoco.agent.rt.internal_43f5073.asm.ClassReader.accept(ClassReader.java:688)
	at org.jacoco.agent.rt.internal_43f5073.asm.ClassReader.accept(ClassReader.java:400)
	at org.jacoco.agent.rt.internal_43f5073.core.instr.Instrumenter.instrument(Instrumenter.java:89)
	at org.jacoco.agent.rt.internal_43f5073.core.instr.Instrumenter.instrument(Instrumenter.java:107)
	... 106 more
</pre>
</span>
</div>
</div>
<div id="footer">
<p>
<div>
<label class="hidden" id="label-for-line-wrapping-toggle" for="line-wrapping-toggle">Wrap lines
<input id="line-wrapping-toggle" type="checkbox" autocomplete="off"/>
</label>
</div>Generated by 
<a href="http://www.gradle.org">Gradle 4.10.3</a> at Feb 27, 2020 7:59:38 PM</p>
</div>
</div>
</body>
</html>
